Start testing: Dec 06 03:51 UTC
----------------------------------------------------------
1/20 Testing: ForwardStateTest.Test0000
1/20 Test: ForwardStateTest.Test0000
Command: "/volume/build/hello_test" "--gtest_filter=ForwardStateTest.Test0000" "--gtest_also_run_disabled_tests"
Directory: /volume/build
"ForwardStateTest.Test0000" start time: Dec 06 03:51 UTC
Output:
----------------------------------------------------------
Running main() from /volume/build/_deps/googletest-src/googletest/src/gtest_main.cc
Note: Google Test filter = ForwardStateTest.Test0000
[==========] Running 1 test from 1 test suite.
[----------] Global test environment set-up.
[----------] 1 test from ForwardStateTest
[ RUN      ] ForwardStateTest.Test0000
[       OK ] ForwardStateTest.Test0000 (4 ms)
[----------] 1 test from ForwardStateTest (4 ms total)

[----------] Global test environment tear-down
[==========] 1 test from 1 test suite ran. (4 ms total)
[  PASSED  ] 1 test.
<end of output>
Test time =   0.01 sec
----------------------------------------------------------
Test Passed.
"ForwardStateTest.Test0000" end time: Dec 06 03:51 UTC
"ForwardStateTest.Test0000" time elapsed: 00:00:00
----------------------------------------------------------

2/20 Testing: ForwardStateTest.Test0010
2/20 Test: ForwardStateTest.Test0010
Command: "/volume/build/hello_test" "--gtest_filter=ForwardStateTest.Test0010" "--gtest_also_run_disabled_tests"
Directory: /volume/build
"ForwardStateTest.Test0010" start time: Dec 06 03:51 UTC
Output:
----------------------------------------------------------
Running main() from /volume/build/_deps/googletest-src/googletest/src/gtest_main.cc
Note: Google Test filter = ForwardStateTest.Test0010
[==========] Running 1 test from 1 test suite.
[----------] Global test environment set-up.
[----------] 1 test from ForwardStateTest
[ RUN      ] ForwardStateTest.Test0010
[       OK ] ForwardStateTest.Test0010 (3 ms)
[----------] 1 test from ForwardStateTest (3 ms total)

[----------] Global test environment tear-down
[==========] 1 test from 1 test suite ran. (3 ms total)
[  PASSED  ] 1 test.
<end of output>
Test time =   0.01 sec
----------------------------------------------------------
Test Passed.
"ForwardStateTest.Test0010" end time: Dec 06 03:51 UTC
"ForwardStateTest.Test0010" time elapsed: 00:00:00
----------------------------------------------------------

3/20 Testing: ForwardStateTest.Test0100
3/20 Test: ForwardStateTest.Test0100
Command: "/volume/build/hello_test" "--gtest_filter=ForwardStateTest.Test0100" "--gtest_also_run_disabled_tests"
Directory: /volume/build
"ForwardStateTest.Test0100" start time: Dec 06 03:51 UTC
Output:
----------------------------------------------------------
Running main() from /volume/build/_deps/googletest-src/googletest/src/gtest_main.cc
Note: Google Test filter = ForwardStateTest.Test0100
[==========] Running 1 test from 1 test suite.
[----------] Global test environment set-up.
[----------] 1 test from ForwardStateTest
[ RUN      ] ForwardStateTest.Test0100
[       OK ] ForwardStateTest.Test0100 (3 ms)
[----------] 1 test from ForwardStateTest (3 ms total)

[----------] Global test environment tear-down
[==========] 1 test from 1 test suite ran. (3 ms total)
[  PASSED  ] 1 test.
<end of output>
Test time =   0.01 sec
----------------------------------------------------------
Test Passed.
"ForwardStateTest.Test0100" end time: Dec 06 03:51 UTC
"ForwardStateTest.Test0100" time elapsed: 00:00:00
----------------------------------------------------------

4/20 Testing: ForwardStateTest.Test0110
4/20 Test: ForwardStateTest.Test0110
Command: "/volume/build/hello_test" "--gtest_filter=ForwardStateTest.Test0110" "--gtest_also_run_disabled_tests"
Directory: /volume/build
"ForwardStateTest.Test0110" start time: Dec 06 03:51 UTC
Output:
----------------------------------------------------------
Running main() from /volume/build/_deps/googletest-src/googletest/src/gtest_main.cc
Note: Google Test filter = ForwardStateTest.Test0110
[==========] Running 1 test from 1 test suite.
[----------] Global test environment set-up.
[----------] 1 test from ForwardStateTest
[ RUN      ] ForwardStateTest.Test0110
[       OK ] ForwardStateTest.Test0110 (5058 ms)
[----------] 1 test from ForwardStateTest (5058 ms total)

[----------] Global test environment tear-down
[==========] 1 test from 1 test suite ran. (5058 ms total)
[  PASSED  ] 1 test.
<end of output>
Test time =   5.06 sec
----------------------------------------------------------
Test Passed.
"ForwardStateTest.Test0110" end time: Dec 06 03:51 UTC
"ForwardStateTest.Test0110" time elapsed: 00:00:05
----------------------------------------------------------

5/20 Testing: ForwardStateTest.Test1000
5/20 Test: ForwardStateTest.Test1000
Command: "/volume/build/hello_test" "--gtest_filter=ForwardStateTest.Test1000" "--gtest_also_run_disabled_tests"
Directory: /volume/build
"ForwardStateTest.Test1000" start time: Dec 06 03:51 UTC
Output:
----------------------------------------------------------
Running main() from /volume/build/_deps/googletest-src/googletest/src/gtest_main.cc
Note: Google Test filter = ForwardStateTest.Test1000
[==========] Running 1 test from 1 test suite.
[----------] Global test environment set-up.
[----------] 1 test from ForwardStateTest
[ RUN      ] ForwardStateTest.Test1000
[       OK ] ForwardStateTest.Test1000 (5059 ms)
[----------] 1 test from ForwardStateTest (5059 ms total)

[----------] Global test environment tear-down
[==========] 1 test from 1 test suite ran. (5059 ms total)
[  PASSED  ] 1 test.
<end of output>
Test time =   5.06 sec
----------------------------------------------------------
Test Passed.
"ForwardStateTest.Test1000" end time: Dec 06 03:51 UTC
"ForwardStateTest.Test1000" time elapsed: 00:00:05
----------------------------------------------------------

6/20 Testing: ForwardStateTest.Test1010
6/20 Test: ForwardStateTest.Test1010
Command: "/volume/build/hello_test" "--gtest_filter=ForwardStateTest.Test1010" "--gtest_also_run_disabled_tests"
Directory: /volume/build
"ForwardStateTest.Test1010" start time: Dec 06 03:51 UTC
Output:
----------------------------------------------------------
Running main() from /volume/build/_deps/googletest-src/googletest/src/gtest_main.cc
Note: Google Test filter = ForwardStateTest.Test1010
[==========] Running 1 test from 1 test suite.
[----------] Global test environment set-up.
[----------] 1 test from ForwardStateTest
[ RUN      ] ForwardStateTest.Test1010
[       OK ] ForwardStateTest.Test1010 (5091 ms)
[----------] 1 test from ForwardStateTest (5091 ms total)

[----------] Global test environment tear-down
[==========] 1 test from 1 test suite ran. (5091 ms total)
[  PASSED  ] 1 test.
<end of output>
Test time =   5.10 sec
----------------------------------------------------------
Test Passed.
"ForwardStateTest.Test1010" end time: Dec 06 03:51 UTC
"ForwardStateTest.Test1010" time elapsed: 00:00:05
----------------------------------------------------------

7/20 Testing: ForwardStateTest.Test1100
7/20 Test: ForwardStateTest.Test1100
Command: "/volume/build/hello_test" "--gtest_filter=ForwardStateTest.Test1100" "--gtest_also_run_disabled_tests"
Directory: /volume/build
"ForwardStateTest.Test1100" start time: Dec 06 03:51 UTC
Output:
----------------------------------------------------------
Running main() from /volume/build/_deps/googletest-src/googletest/src/gtest_main.cc
Note: Google Test filter = ForwardStateTest.Test1100
[==========] Running 1 test from 1 test suite.
[----------] Global test environment set-up.
[----------] 1 test from ForwardStateTest
[ RUN      ] ForwardStateTest.Test1100
[       OK ] ForwardStateTest.Test1100 (5066 ms)
[----------] 1 test from ForwardStateTest (5066 ms total)

[----------] Global test environment tear-down
[==========] 1 test from 1 test suite ran. (5066 ms total)
[  PASSED  ] 1 test.
<end of output>
Test time =   5.07 sec
----------------------------------------------------------
Test Passed.
"ForwardStateTest.Test1100" end time: Dec 06 03:51 UTC
"ForwardStateTest.Test1100" time elapsed: 00:00:05
----------------------------------------------------------

8/20 Testing: ForwardStateTest.Test1110
8/20 Test: ForwardStateTest.Test1110
Command: "/volume/build/hello_test" "--gtest_filter=ForwardStateTest.Test1110" "--gtest_also_run_disabled_tests"
Directory: /volume/build
"ForwardStateTest.Test1110" start time: Dec 06 03:51 UTC
Output:
----------------------------------------------------------
Running main() from /volume/build/_deps/googletest-src/googletest/src/gtest_main.cc
Note: Google Test filter = ForwardStateTest.Test1110
[==========] Running 1 test from 1 test suite.
[----------] Global test environment set-up.
[----------] 1 test from ForwardStateTest
[ RUN      ] ForwardStateTest.Test1110
[       OK ] ForwardStateTest.Test1110 (11 ms)
[----------] 1 test from ForwardStateTest (11 ms total)

[----------] Global test environment tear-down
[==========] 1 test from 1 test suite ran. (11 ms total)
[  PASSED  ] 1 test.
<end of output>
Test time =   0.02 sec
----------------------------------------------------------
Test Passed.
"ForwardStateTest.Test1110" end time: Dec 06 03:51 UTC
"ForwardStateTest.Test1110" time elapsed: 00:00:00
----------------------------------------------------------

9/20 Testing: ForwardStateTest.Test0001
9/20 Test: ForwardStateTest.Test0001
Command: "/volume/build/hello_test" "--gtest_filter=ForwardStateTest.Test0001" "--gtest_also_run_disabled_tests"
Directory: /volume/build
"ForwardStateTest.Test0001" start time: Dec 06 03:51 UTC
Output:
----------------------------------------------------------
Running main() from /volume/build/_deps/googletest-src/googletest/src/gtest_main.cc
Note: Google Test filter = ForwardStateTest.Test0001
[==========] Running 1 test from 1 test suite.
[----------] Global test environment set-up.
[----------] 1 test from ForwardStateTest
[ RUN      ] ForwardStateTest.Test0001
[       OK ] ForwardStateTest.Test0001 (3 ms)
[----------] 1 test from ForwardStateTest (3 ms total)

[----------] Global test environment tear-down
[==========] 1 test from 1 test suite ran. (3 ms total)
[  PASSED  ] 1 test.
<end of output>
Test time =   0.01 sec
----------------------------------------------------------
Test Passed.
"ForwardStateTest.Test0001" end time: Dec 06 03:51 UTC
"ForwardStateTest.Test0001" time elapsed: 00:00:00
----------------------------------------------------------

10/20 Testing: ForwardStateTest.Test0011
10/20 Test: ForwardStateTest.Test0011
Command: "/volume/build/hello_test" "--gtest_filter=ForwardStateTest.Test0011" "--gtest_also_run_disabled_tests"
Directory: /volume/build
"ForwardStateTest.Test0011" start time: Dec 06 03:51 UTC
Output:
----------------------------------------------------------
Running main() from /volume/build/_deps/googletest-src/googletest/src/gtest_main.cc
Note: Google Test filter = ForwardStateTest.Test0011
[==========] Running 1 test from 1 test suite.
[----------] Global test environment set-up.
[----------] 1 test from ForwardStateTest
[ RUN      ] ForwardStateTest.Test0011
[       OK ] ForwardStateTest.Test0011 (3 ms)
[----------] 1 test from ForwardStateTest (3 ms total)

[----------] Global test environment tear-down
[==========] 1 test from 1 test suite ran. (3 ms total)
[  PASSED  ] 1 test.
<end of output>
Test time =   0.01 sec
----------------------------------------------------------
Test Passed.
"ForwardStateTest.Test0011" end time: Dec 06 03:51 UTC
"ForwardStateTest.Test0011" time elapsed: 00:00:00
----------------------------------------------------------

11/20 Testing: ForwardStateTest.Test0101
11/20 Test: ForwardStateTest.Test0101
Command: "/volume/build/hello_test" "--gtest_filter=ForwardStateTest.Test0101" "--gtest_also_run_disabled_tests"
Directory: /volume/build
"ForwardStateTest.Test0101" start time: Dec 06 03:51 UTC
Output:
----------------------------------------------------------
Running main() from /volume/build/_deps/googletest-src/googletest/src/gtest_main.cc
Note: Google Test filter = ForwardStateTest.Test0101
[==========] Running 1 test from 1 test suite.
[----------] Global test environment set-up.
[----------] 1 test from ForwardStateTest
[ RUN      ] ForwardStateTest.Test0101
[       OK ] ForwardStateTest.Test0101 (2 ms)
[----------] 1 test from ForwardStateTest (2 ms total)

[----------] Global test environment tear-down
[==========] 1 test from 1 test suite ran. (2 ms total)
[  PASSED  ] 1 test.
<end of output>
Test time =   0.01 sec
----------------------------------------------------------
Test Passed.
"ForwardStateTest.Test0101" end time: Dec 06 03:51 UTC
"ForwardStateTest.Test0101" time elapsed: 00:00:00
----------------------------------------------------------

12/20 Testing: ForwardStateTest.Test0111
12/20 Test: ForwardStateTest.Test0111
Command: "/volume/build/hello_test" "--gtest_filter=ForwardStateTest.Test0111" "--gtest_also_run_disabled_tests"
Directory: /volume/build
"ForwardStateTest.Test0111" start time: Dec 06 03:51 UTC
Output:
----------------------------------------------------------
Running main() from /volume/build/_deps/googletest-src/googletest/src/gtest_main.cc
Note: Google Test filter = ForwardStateTest.Test0111
[==========] Running 1 test from 1 test suite.
[----------] Global test environment set-up.
[----------] 1 test from ForwardStateTest
[ RUN      ] ForwardStateTest.Test0111
[       OK ] ForwardStateTest.Test0111 (2 ms)
[----------] 1 test from ForwardStateTest (2 ms total)

[----------] Global test environment tear-down
[==========] 1 test from 1 test suite ran. (2 ms total)
[  PASSED  ] 1 test.
<end of output>
Test time =   0.01 sec
----------------------------------------------------------
Test Passed.
"ForwardStateTest.Test0111" end time: Dec 06 03:51 UTC
"ForwardStateTest.Test0111" time elapsed: 00:00:00
----------------------------------------------------------

13/20 Testing: ForwardStateTest.Test1001
13/20 Test: ForwardStateTest.Test1001
Command: "/volume/build/hello_test" "--gtest_filter=ForwardStateTest.Test1001" "--gtest_also_run_disabled_tests"
Directory: /volume/build
"ForwardStateTest.Test1001" start time: Dec 06 03:51 UTC
Output:
----------------------------------------------------------
Running main() from /volume/build/_deps/googletest-src/googletest/src/gtest_main.cc
Note: Google Test filter = ForwardStateTest.Test1001
[==========] Running 1 test from 1 test suite.
[----------] Global test environment set-up.
[----------] 1 test from ForwardStateTest
[ RUN      ] ForwardStateTest.Test1001
[       OK ] ForwardStateTest.Test1001 (5074 ms)
[----------] 1 test from ForwardStateTest (5074 ms total)

[----------] Global test environment tear-down
[==========] 1 test from 1 test suite ran. (5074 ms total)
[  PASSED  ] 1 test.
<end of output>
Test time =   5.08 sec
----------------------------------------------------------
Test Passed.
"ForwardStateTest.Test1001" end time: Dec 06 03:51 UTC
"ForwardStateTest.Test1001" time elapsed: 00:00:05
----------------------------------------------------------

14/20 Testing: ForwardStateTest.Test1011
14/20 Test: ForwardStateTest.Test1011
Command: "/volume/build/hello_test" "--gtest_filter=ForwardStateTest.Test1011" "--gtest_also_run_disabled_tests"
Directory: /volume/build
"ForwardStateTest.Test1011" start time: Dec 06 03:51 UTC
Output:
----------------------------------------------------------
Running main() from /volume/build/_deps/googletest-src/googletest/src/gtest_main.cc
Note: Google Test filter = ForwardStateTest.Test1011
[==========] Running 1 test from 1 test suite.
[----------] Global test environment set-up.
[----------] 1 test from ForwardStateTest
[ RUN      ] ForwardStateTest.Test1011
[       OK ] ForwardStateTest.Test1011 (5072 ms)
[----------] 1 test from ForwardStateTest (5072 ms total)

[----------] Global test environment tear-down
[==========] 1 test from 1 test suite ran. (5072 ms total)
[  PASSED  ] 1 test.
<end of output>
Test time =   5.08 sec
----------------------------------------------------------
Test Passed.
"ForwardStateTest.Test1011" end time: Dec 06 03:51 UTC
"ForwardStateTest.Test1011" time elapsed: 00:00:05
----------------------------------------------------------

15/20 Testing: ForwardStateTest.Test1101
15/20 Test: ForwardStateTest.Test1101
Command: "/volume/build/hello_test" "--gtest_filter=ForwardStateTest.Test1101" "--gtest_also_run_disabled_tests"
Directory: /volume/build
"ForwardStateTest.Test1101" start time: Dec 06 03:51 UTC
Output:
----------------------------------------------------------
Running main() from /volume/build/_deps/googletest-src/googletest/src/gtest_main.cc
Note: Google Test filter = ForwardStateTest.Test1101
[==========] Running 1 test from 1 test suite.
[----------] Global test environment set-up.
[----------] 1 test from ForwardStateTest
[ RUN      ] ForwardStateTest.Test1101
[       OK ] ForwardStateTest.Test1101 (5083 ms)
[----------] 1 test from ForwardStateTest (5083 ms total)

[----------] Global test environment tear-down
[==========] 1 test from 1 test suite ran. (5083 ms total)
[  PASSED  ] 1 test.
<end of output>
Test time =   5.09 sec
----------------------------------------------------------
Test Passed.
"ForwardStateTest.Test1101" end time: Dec 06 03:51 UTC
"ForwardStateTest.Test1101" time elapsed: 00:00:05
----------------------------------------------------------

16/20 Testing: ForwardStateTest.Test1111
16/20 Test: ForwardStateTest.Test1111
Command: "/volume/build/hello_test" "--gtest_filter=ForwardStateTest.Test1111" "--gtest_also_run_disabled_tests"
Directory: /volume/build
"ForwardStateTest.Test1111" start time: Dec 06 03:51 UTC
Output:
----------------------------------------------------------
Running main() from /volume/build/_deps/googletest-src/googletest/src/gtest_main.cc
Note: Google Test filter = ForwardStateTest.Test1111
[==========] Running 1 test from 1 test suite.
[----------] Global test environment set-up.
[----------] 1 test from ForwardStateTest
[ RUN      ] ForwardStateTest.Test1111
[       OK ] ForwardStateTest.Test1111 (11 ms)
[----------] 1 test from ForwardStateTest (11 ms total)

[----------] Global test environment tear-down
[==========] 1 test from 1 test suite ran. (11 ms total)
[  PASSED  ] 1 test.
<end of output>
Test time =   0.02 sec
----------------------------------------------------------
Test Passed.
"ForwardStateTest.Test1111" end time: Dec 06 03:51 UTC
"ForwardStateTest.Test1111" time elapsed: 00:00:00
----------------------------------------------------------

17/20 Testing: BackwardStateTest.Test0110
17/20 Test: BackwardStateTest.Test0110
Command: "/volume/build/hello_test" "--gtest_filter=BackwardStateTest.Test0110" "--gtest_also_run_disabled_tests"
Directory: /volume/build
"BackwardStateTest.Test0110" start time: Dec 06 03:51 UTC
Output:
----------------------------------------------------------
Running main() from /volume/build/_deps/googletest-src/googletest/src/gtest_main.cc
Note: Google Test filter = BackwardStateTest.Test0110
[==========] Running 1 test from 1 test suite.
[----------] Global test environment set-up.
[----------] 1 test from BackwardStateTest
[ RUN      ] BackwardStateTest.Test0110
[       OK ] BackwardStateTest.Test0110 (2 ms)
[----------] 1 test from BackwardStateTest (2 ms total)

[----------] Global test environment tear-down
[==========] 1 test from 1 test suite ran. (2 ms total)
[  PASSED  ] 1 test.
<end of output>
Test time =   0.01 sec
----------------------------------------------------------
Test Passed.
"BackwardStateTest.Test0110" end time: Dec 06 03:51 UTC
"BackwardStateTest.Test0110" time elapsed: 00:00:00
----------------------------------------------------------

18/20 Testing: BackwardStateTest.Test0010
18/20 Test: BackwardStateTest.Test0010
Command: "/volume/build/hello_test" "--gtest_filter=BackwardStateTest.Test0010" "--gtest_also_run_disabled_tests"
Directory: /volume/build
"BackwardStateTest.Test0010" start time: Dec 06 03:51 UTC
Output:
----------------------------------------------------------
Running main() from /volume/build/_deps/googletest-src/googletest/src/gtest_main.cc
Note: Google Test filter = BackwardStateTest.Test0010
[==========] Running 1 test from 1 test suite.
[----------] Global test environment set-up.
[----------] 1 test from BackwardStateTest
[ RUN      ] BackwardStateTest.Test0010
[       OK ] BackwardStateTest.Test0010 (5071 ms)
[----------] 1 test from BackwardStateTest (5071 ms total)

[----------] Global test environment tear-down
[==========] 1 test from 1 test suite ran. (5071 ms total)
[  PASSED  ] 1 test.
<end of output>
Test time =   5.08 sec
----------------------------------------------------------
Test Passed.
"BackwardStateTest.Test0010" end time: Dec 06 03:51 UTC
"BackwardStateTest.Test0010" time elapsed: 00:00:05
----------------------------------------------------------

19/20 Testing: BackwardStateTest.Test0000
19/20 Test: BackwardStateTest.Test0000
Command: "/volume/build/hello_test" "--gtest_filter=BackwardStateTest.Test0000" "--gtest_also_run_disabled_tests"
Directory: /volume/build
"BackwardStateTest.Test0000" start time: Dec 06 03:51 UTC
Output:
----------------------------------------------------------
Running main() from /volume/build/_deps/googletest-src/googletest/src/gtest_main.cc
Note: Google Test filter = BackwardStateTest.Test0000
[==========] Running 1 test from 1 test suite.
[----------] Global test environment set-up.
[----------] 1 test from BackwardStateTest
[ RUN      ] BackwardStateTest.Test0000
[       OK ] BackwardStateTest.Test0000 (5061 ms)
[----------] 1 test from BackwardStateTest (5061 ms total)

[----------] Global test environment tear-down
[==========] 1 test from 1 test suite ran. (5061 ms total)
[  PASSED  ] 1 test.
<end of output>
Test time =   5.07 sec
----------------------------------------------------------
Test Passed.
"BackwardStateTest.Test0000" end time: Dec 06 03:52 UTC
"BackwardStateTest.Test0000" time elapsed: 00:00:05
----------------------------------------------------------

20/20 Testing: BackwardStateTest.Test0100
20/20 Test: BackwardStateTest.Test0100
Command: "/volume/build/hello_test" "--gtest_filter=BackwardStateTest.Test0100" "--gtest_also_run_disabled_tests"
Directory: /volume/build
"BackwardStateTest.Test0100" start time: Dec 06 03:52 UTC
Output:
----------------------------------------------------------
Running main() from /volume/build/_deps/googletest-src/googletest/src/gtest_main.cc
Note: Google Test filter = BackwardStateTest.Test0100
[==========] Running 1 test from 1 test suite.
[----------] Global test environment set-up.
[----------] 1 test from BackwardStateTest
[ RUN      ] BackwardStateTest.Test0100
[       OK ] BackwardStateTest.Test0100 (5066 ms)
[----------] 1 test from BackwardStateTest (5066 ms total)

[----------] Global test environment tear-down
[==========] 1 test from 1 test suite ran. (5066 ms total)
[  PASSED  ] 1 test.
<end of output>
Test time =   5.07 sec
----------------------------------------------------------
Test Passed.
"BackwardStateTest.Test0100" end time: Dec 06 03:52 UTC
"BackwardStateTest.Test0100" time elapsed: 00:00:05
----------------------------------------------------------

End testing: Dec 06 03:52 UTC
